..\Dll\ZigBee.pdb
C:\USERS\KANAK\DESKTOP\UPDATED CUSTOM CODES FOR V9.0\WSN_FILE_TRANSFER_V9\SIMULATION - WSN FILE TRANSFER\DLL\LIBZIGBEE.DLL
C:\USERS\KANAK\DESKTOP\UPDATED CUSTOM CODES FOR V9.0\WSN_FILE_TRANSFER_V9\SIMULATION - WSN FILE TRANSFER\DLL\LIBZIGBEE.ILK
C:\Users\KANAK\Desktop\UPDATED CUSTOM CODES FOR V9.0\WSN_File_Transfer_v9\Simulation - WSN File Transfer\Dll\ZigBee.exp
C:\Users\KANAK\Desktop\UPDATED CUSTOM CODES FOR V9.0\WSN_File_Transfer_v9\Simulation - WSN File Transfer\Dll\ZigBee.lib
C:\USERS\KANAK\DESKTOP\UPDATED CUSTOM CODES FOR V9.0\WSN_FILE_TRANSFER_V9\SIMULATION - WSN FILE TRANSFER\DLL\ZIGBEE.PDB
C:\USERS\KANAK\DESKTOP\UPDATED CUSTOM CODES FOR V9.0\WSN_FILE_TRANSFER_V9\SIMULATION - WSN FILE TRANSFER\ZIGBEE\DEBUG\802_15_4.OBJ
C:\USERS\KANAK\DESKTOP\UPDATED CUSTOM CODES FOR V9.0\WSN_FILE_TRANSFER_V9\SIMULATION - WSN FILE TRANSFER\ZIGBEE\DEBUG\AGENTMODEL.OBJ
C:\USERS\KANAK\DESKTOP\UPDATED CUSTOM CODES FOR V9.0\WSN_FILE_TRANSFER_V9\SIMULATION - WSN FILE TRANSFER\ZIGBEE\DEBUG\BACKOFFCALCULATION.OBJ
C:\USERS\KANAK\DESKTOP\UPDATED CUSTOM CODES FOR V9.0\WSN_FILE_TRANSFER_V9\SIMULATION - WSN FILE TRANSFER\ZIGBEE\DEBUG\BERCALCULATION.OBJ
C:\USERS\KANAK\DESKTOP\UPDATED CUSTOM CODES FOR V9.0\WSN_FILE_TRANSFER_V9\SIMULATION - WSN FILE TRANSFER\ZIGBEE\DEBUG\CCA.OBJ
C:\USERS\KANAK\DESKTOP\UPDATED CUSTOM CODES FOR V9.0\WSN_FILE_TRANSFER_V9\SIMULATION - WSN FILE TRANSFER\ZIGBEE\DEBUG\CHANGERADIOSTATE.OBJ
C:\Users\KANAK\Desktop\UPDATED CUSTOM CODES FOR V9.0\WSN_File_Transfer_v9\Simulation - WSN File Transfer\ZigBee\Debug\cl.command.1.tlog
C:\Users\KANAK\Desktop\UPDATED CUSTOM CODES FOR V9.0\WSN_File_Transfer_v9\Simulation - WSN File Transfer\ZigBee\Debug\CL.read.1.tlog
C:\Users\KANAK\Desktop\UPDATED CUSTOM CODES FOR V9.0\WSN_File_Transfer_v9\Simulation - WSN File Transfer\ZigBee\Debug\CL.write.1.tlog
C:\USERS\KANAK\DESKTOP\UPDATED CUSTOM CODES FOR V9.0\WSN_FILE_TRANSFER_V9\SIMULATION - WSN FILE TRANSFER\ZIGBEE\DEBUG\ERRORPATHLOSS.OBJ
C:\Users\KANAK\Desktop\UPDATED CUSTOM CODES FOR V9.0\WSN_File_Transfer_v9\Simulation - WSN File Transfer\ZigBee\Debug\link.3136.read.1.tlog
C:\Users\KANAK\Desktop\UPDATED CUSTOM CODES FOR V9.0\WSN_File_Transfer_v9\Simulation - WSN File Transfer\ZigBee\Debug\link.3136.write.1.tlog
C:\Users\KANAK\Desktop\UPDATED CUSTOM CODES FOR V9.0\WSN_File_Transfer_v9\Simulation - WSN File Transfer\ZigBee\Debug\link.3136-cvtres.read.1.tlog
C:\Users\KANAK\Desktop\UPDATED CUSTOM CODES FOR V9.0\WSN_File_Transfer_v9\Simulation - WSN File Transfer\ZigBee\Debug\link.3136-cvtres.write.1.tlog
C:\Users\KANAK\Desktop\UPDATED CUSTOM CODES FOR V9.0\WSN_File_Transfer_v9\Simulation - WSN File Transfer\ZigBee\Debug\link.5088.read.1.tlog
C:\Users\KANAK\Desktop\UPDATED CUSTOM CODES FOR V9.0\WSN_File_Transfer_v9\Simulation - WSN File Transfer\ZigBee\Debug\link.5088.write.1.tlog
C:\Users\KANAK\Desktop\UPDATED CUSTOM CODES FOR V9.0\WSN_File_Transfer_v9\Simulation - WSN File Transfer\ZigBee\Debug\link.5088-cvtres.read.1.tlog
C:\Users\KANAK\Desktop\UPDATED CUSTOM CODES FOR V9.0\WSN_File_Transfer_v9\Simulation - WSN File Transfer\ZigBee\Debug\link.5088-cvtres.write.1.tlog
C:\Users\KANAK\Desktop\UPDATED CUSTOM CODES FOR V9.0\WSN_File_Transfer_v9\Simulation - WSN File Transfer\ZigBee\Debug\link.command.1.tlog
C:\Users\KANAK\Desktop\UPDATED CUSTOM CODES FOR V9.0\WSN_File_Transfer_v9\Simulation - WSN File Transfer\ZigBee\Debug\link.read.1.tlog
C:\Users\KANAK\Desktop\UPDATED CUSTOM CODES FOR V9.0\WSN_File_Transfer_v9\Simulation - WSN File Transfer\ZigBee\Debug\link.write.1.tlog
C:\USERS\KANAK\DESKTOP\UPDATED CUSTOM CODES FOR V9.0\WSN_FILE_TRANSFER_V9\SIMULATION - WSN FILE TRANSFER\ZIGBEE\DEBUG\LOCATEBACKOFFBOUNDARY.OBJ
C:\Users\KANAK\Desktop\UPDATED CUSTOM CODES FOR V9.0\WSN_File_Transfer_v9\Simulation - WSN File Transfer\ZigBee\Debug\mt.command.1.tlog
C:\Users\KANAK\Desktop\UPDATED CUSTOM CODES FOR V9.0\WSN_File_Transfer_v9\Simulation - WSN File Transfer\ZigBee\Debug\mt.read.1.tlog
C:\Users\KANAK\Desktop\UPDATED CUSTOM CODES FOR V9.0\WSN_File_Transfer_v9\Simulation - WSN File Transfer\ZigBee\Debug\mt.write.1.tlog
C:\Users\KANAK\Desktop\UPDATED CUSTOM CODES FOR V9.0\WSN_File_Transfer_v9\Simulation - WSN File Transfer\ZigBee\Debug\rc.command.1.tlog
C:\Users\KANAK\Desktop\UPDATED CUSTOM CODES FOR V9.0\WSN_File_Transfer_v9\Simulation - WSN File Transfer\ZigBee\Debug\rc.read.1.tlog
C:\Users\KANAK\Desktop\UPDATED CUSTOM CODES FOR V9.0\WSN_File_Transfer_v9\Simulation - WSN File Transfer\ZigBee\Debug\rc.write.1.tlog
C:\USERS\KANAK\DESKTOP\UPDATED CUSTOM CODES FOR V9.0\WSN_FILE_TRANSFER_V9\SIMULATION - WSN FILE TRANSFER\ZIGBEE\DEBUG\RECEIVEDPOWER.OBJ
C:\USERS\KANAK\DESKTOP\UPDATED CUSTOM CODES FOR V9.0\WSN_FILE_TRANSFER_V9\SIMULATION - WSN FILE TRANSFER\ZIGBEE\DEBUG\SENSOR.OBJ
C:\USERS\KANAK\DESKTOP\UPDATED CUSTOM CODES FOR V9.0\WSN_FILE_TRANSFER_V9\SIMULATION - WSN FILE TRANSFER\ZIGBEE\DEBUG\SHADOWLOSS.OBJ
C:\USERS\KANAK\DESKTOP\UPDATED CUSTOM CODES FOR V9.0\WSN_FILE_TRANSFER_V9\SIMULATION - WSN FILE TRANSFER\ZIGBEE\DEBUG\SINRCALCULATION.OBJ
C:\USERS\KANAK\DESKTOP\UPDATED CUSTOM CODES FOR V9.0\WSN_FILE_TRANSFER_V9\SIMULATION - WSN FILE TRANSFER\ZIGBEE\DEBUG\SLOTTEDCSMACA.OBJ
C:\USERS\KANAK\DESKTOP\UPDATED CUSTOM CODES FOR V9.0\WSN_FILE_TRANSFER_V9\SIMULATION - WSN FILE TRANSFER\ZIGBEE\DEBUG\SUPERFRAME.OBJ
C:\USERS\KANAK\DESKTOP\UPDATED CUSTOM CODES FOR V9.0\WSN_FILE_TRANSFER_V9\SIMULATION - WSN FILE TRANSFER\ZIGBEE\DEBUG\UNSLOTTEDCSMACA.OBJ
C:\Users\KANAK\Desktop\UPDATED CUSTOM CODES FOR V9.0\WSN_File_Transfer_v9\Simulation - WSN File Transfer\ZigBee\Debug\vc100.idb
C:\USERS\KANAK\DESKTOP\UPDATED CUSTOM CODES FOR V9.0\WSN_FILE_TRANSFER_V9\SIMULATION - WSN FILE TRANSFER\ZIGBEE\DEBUG\VC100.PDB
C:\USERS\KANAK\DESKTOP\UPDATED CUSTOM CODES FOR V9.0\WSN_FILE_TRANSFER_V9\SIMULATION - WSN FILE TRANSFER\ZIGBEE\DEBUG\ZIGBEE.DLL.EMBED.MANIFEST
C:\USERS\KANAK\DESKTOP\UPDATED CUSTOM CODES FOR V9.0\WSN_FILE_TRANSFER_V9\SIMULATION - WSN FILE TRANSFER\ZIGBEE\DEBUG\ZIGBEE.DLL.EMBED.MANIFEST.RES
C:\USERS\KANAK\DESKTOP\UPDATED CUSTOM CODES FOR V9.0\WSN_FILE_TRANSFER_V9\SIMULATION - WSN FILE TRANSFER\ZIGBEE\DEBUG\ZIGBEE.DLL.INTERMEDIATE.MANIFEST
C:\Users\KANAK\Desktop\UPDATED CUSTOM CODES FOR V9.0\WSN_File_Transfer_v9\Simulation - WSN File Transfer\ZigBee\Debug\ZigBee.write.1.tlog
C:\Users\KANAK\Desktop\UPDATED CUSTOM CODES FOR V9.0\WSN_File_Transfer_v9\Simulation - WSN File Transfer\ZigBee\Debug\ZigBee_manifest.rc
